<?xml version="1.0" encoding="UTF-8"?>
<!-- Generated by org.testng.reporters.JUnitReportReporter -->
<testsuite hostname="Ashutosh" failures="0" tests="1" name="demo.JenkinsTest" time="19.079" errors="0" timestamp="2025-04-19T10:42:20 IST" skipped="0">
  <testcase classname="demo.JenkinsTest" name="lunch" time="19.079"/>
  <system-out>
    <![CDATA[Demowebshop launched Successfully]]>
  </system-out>
</testsuite> <!-- demo.JenkinsTest -->
